[debug] [2025-07-30T08:21:24.482Z] ----------------------------------------------------------------------
[debug] [2025-07-30T08:21:24.484Z] Command:       /nix/store/ixbb20farqh1f4fqbmsn6b1ixn8mc8ij-nodejs-20.18.1/bin/node /home/user/.global_modules/bin/firebase init
[debug] [2025-07-30T08:21:24.485Z] CLI Version:   14.11.1
[debug] [2025-07-30T08:21:24.485Z] Platform:      linux
[debug] [2025-07-30T08:21:24.485Z] Node Version:  v20.18.1
[debug] [2025-07-30T08:21:24.485Z] Time:          Wed Jul 30 2025 08:21:24 GMT+0000 (Coordinated Universal Time)
[debug] [2025-07-30T08:21:24.486Z] ----------------------------------------------------------------------
[debug] 
[debug] [2025-07-30T08:21:24.847Z] > command requires scopes: ["email","openid","https://www.googleapis.com/auth/cloudplatformprojects.readonly","https://www.googleapis.com/auth/firebase","https://www.googleapis.com/auth/cloud-platform"]
[debug] [2025-07-30T08:21:24.847Z] > authorizing via signed-in user (rodriguesmonto@gmail.com)
[info] 
     ######## #### ########  ######## ########     ###     ######  ########
     ##        ##  ##     ## ##       ##     ##  ##   ##  ##       ##
     ######    ##  ########  ######   ########  #########  ######  ######
     ##        ##  ##    ##  ##       ##     ## ##     ##       ## ##
     ##       #### ##     ## ######## ########  ##     ##  ######  ########

You're about to initialize a Firebase project in this directory:

  /home/user/AI_POS

Before we get started, keep in mind:

  * You are initializing within an existing Firebase project directory

[info] 
=== Project Setup
[info] 
[info] First, let's associate this project directory with a Firebase project.
[info] You can create multiple project aliases by running firebase use --add, 
[info] but for now we'll just set up a default project.
[info] 
[debug] [2025-07-30T08:21:40.824Z] Using project from CLI flag: aistoremanager-3c891
[debug] [2025-07-30T08:21:40.827Z] Checked if tokens are valid: true, expires at: 1753867206342
[debug] [2025-07-30T08:21:40.828Z] Checked if tokens are valid: true, expires at: 1753867206342
[debug] [2025-07-30T08:21:40.830Z] >>> [apiv2][query] GET https://firebase.googleapis.com/v1beta1/projects/aistoremanager-3c891 [none]
[debug] [2025-07-30T08:21:41.145Z] <<< [apiv2][status] GET https://firebase.googleapis.com/v1beta1/projects/aistoremanager-3c891 200
[debug] [2025-07-30T08:21:41.145Z] <<< [apiv2][body] GET https://firebase.googleapis.com/v1beta1/projects/aistoremanager-3c891 {"projectId":"aistoremanager-3c891","projectNumber":"1031236397402","displayName":"aistoremanager","name":"projects/aistoremanager-3c891","resources":{"hostingSite":"aistoremanager-3c891"},"state":"ACTIVE","etag":"1_cb0f42d1-c97e-4e9e-9be6-5be6f32bdea2"}
[info] i  Using project aistoremanager-3c891 (aistoremanager) 
[info] 
=== Firestore Setup
[info] i  firestore: ensuring required API firestore.googleapis.com is enabled... 
[debug] [2025-07-30T08:21:41.161Z] Checked if tokens are valid: true, expires at: 1753867206342
[debug] [2025-07-30T08:21:41.161Z] Checked if tokens are valid: true, expires at: 1753867206342
[debug] [2025-07-30T08:21:41.161Z] >>> [apiv2][query] GET https://serviceusage.googleapis.com/v1/projects/aistoremanager-3c891/services/firestore.googleapis.com [none]
[debug] [2025-07-30T08:21:41.162Z] >>> [apiv2][(partial)header] GET https://serviceusage.googleapis.com/v1/projects/aistoremanager-3c891/services/firestore.googleapis.com x-goog-quota-user=projects/aistoremanager-3c891
[debug] [2025-07-30T08:21:42.211Z] <<< [apiv2][status] GET https://serviceusage.googleapis.com/v1/projects/aistoremanager-3c891/services/firestore.googleapis.com 200
[debug] [2025-07-30T08:21:42.211Z] <<< [apiv2][body] GET https://serviceusage.googleapis.com/v1/projects/aistoremanager-3c891/services/firestore.googleapis.com [omitted]
[warn] ⚠  firestore: missing required API firestore.googleapis.com. Enabling now... 
[debug] [2025-07-30T08:21:42.212Z] Checked if tokens are valid: true, expires at: 1753867206342
[debug] [2025-07-30T08:21:42.212Z] Checked if tokens are valid: true, expires at: 1753867206342
[debug] [2025-07-30T08:21:42.212Z] >>> [apiv2][query] POST https://serviceusage.googleapis.com/v1/projects/aistoremanager-3c891/services/firestore.googleapis.com:enable [none]
[debug] [2025-07-30T08:21:42.212Z] >>> [apiv2][(partial)header] POST https://serviceusage.googleapis.com/v1/projects/aistoremanager-3c891/services/firestore.googleapis.com:enable x-goog-quota-user=projects/aistoremanager-3c891
[debug] [2025-07-30T08:21:43.358Z] <<< [apiv2][status] POST https://serviceusage.googleapis.com/v1/projects/aistoremanager-3c891/services/firestore.googleapis.com:enable 200
[debug] [2025-07-30T08:21:43.359Z] <<< [apiv2][body] POST https://serviceusage.googleapis.com/v1/projects/aistoremanager-3c891/services/firestore.googleapis.com:enable [omitted]
[debug] [2025-07-30T08:21:53.373Z] Checked if tokens are valid: true, expires at: 1753867206342
[debug] [2025-07-30T08:21:53.374Z] Checked if tokens are valid: true, expires at: 1753867206342
[debug] [2025-07-30T08:21:53.374Z] >>> [apiv2][query] GET https://firestore.googleapis.com/v1/projects/aistoremanager-3c891/databases [none]
[debug] [2025-07-30T08:21:53.841Z] <<< [apiv2][status] GET https://firestore.googleapis.com/v1/projects/aistoremanager-3c891/databases 200
[debug] [2025-07-30T08:21:53.841Z] <<< [apiv2][body] GET https://firestore.googleapis.com/v1/projects/aistoremanager-3c891/databases {}
[debug] [2025-07-30T08:21:53.841Z] Checked if tokens are valid: true, expires at: 1753867206342
[debug] [2025-07-30T08:21:53.842Z] Checked if tokens are valid: true, expires at: 1753867206342
[debug] [2025-07-30T08:21:53.842Z] >>> [apiv2][query] GET https://firestore.googleapis.com/v1/projects/aistoremanager-3c891/locations [none]
[debug] [2025-07-30T08:21:53.916Z] <<< [apiv2][status] GET https://firestore.googleapis.com/v1/projects/aistoremanager-3c891/locations 200
[debug] [2025-07-30T08:21:53.917Z] <<< [apiv2][body] GET https://firestore.googleapis.com/v1/projects/aistoremanager-3c891/locations {"locations":[{"name":"projects/aistoremanager-3c891/locations/eur3","labels":{"appengine.googleapis.com/geo":"europe-west","cloud.googleapis.com/location":"eur3","cloud.googleapis.com/geo":"eur3"},"metadata":{"@type":"type.googleapis.com/google.firestore.admin.v1.LocationMetadata"},"locationId":"eur3","displayName":"Europe"},{"name":"projects/aistoremanager-3c891/locations/nam5","labels":{"appengine.googleapis.com/geo":"us-central","cloud.googleapis.com/location":"nam5","cloud.googleapis.com/geo":"nam5"},"metadata":{"@type":"type.googleapis.com/google.firestore.admin.v1.LocationMetadata"},"locationId":"nam5","displayName":"United States"},{"name":"projects/aistoremanager-3c891/locations/nam7","labels":{"cloud.googleapis.com/location":"nam7","cloud.googleapis.com/geo":"nam7"},"metadata":{"@type":"type.googleapis.com/google.firestore.admin.v1.LocationMetadata"},"locationId":"nam7","displayName":"United States"},{"name":"projects/aistoremanager-3c891/locations/africa-south1","labels":{"cloud.googleapis.com/location":"africa-south1","cloud.googleapis.com/region":"africa-south1"},"metadata":{"@type":"type.googleapis.com/google.firestore.admin.v1.LocationMetadata"},"locationId":"africa-south1","displayName":"Johannesburg"},{"name":"projects/aistoremanager-3c891/locations/asia-east1","labels":{"appengine.googleapis.com/region":"asia-east1","cloud.googleapis.com/location":"asia-east1","cloud.googleapis.com/region":"asia-east1"},"metadata":{"@type":"type.googleapis.com/google.firestore.admin.v1.LocationMetadata"},"locationId":"asia-east1","displayName":"Taiwan"},{"name":"projects/aistoremanager-3c891/locations/asia-east2","labels":{"appengine.googleapis.com/region":"asia-east2","cloud.googleapis.com/location":"asia-east2","cloud.googleapis.com/region":"asia-east2"},"metadata":{"@type":"type.googleapis.com/google.firestore.admin.v1.LocationMetadata"},"locationId":"asia-east2","displayName":"Hong Kong"},{"name":"projects/aistoremanager-3c891/locations/asia-northeast1","labels":{"appengine.googleapis.com/region":"asia-northeast1","cloud.googleapis.com/location":"asia-northeast1","cloud.googleapis.com/region":"asia-northeast1"},"metadata":{"@type":"type.googleapis.com/google.firestore.admin.v1.LocationMetadata"},"locationId":"asia-northeast1","displayName":"Tokyo"},{"name":"projects/aistoremanager-3c891/locations/asia-northeast2","labels":{"appengine.googleapis.com/region":"asia-northeast2","cloud.googleapis.com/location":"asia-northeast2","cloud.googleapis.com/region":"asia-northeast2"},"metadata":{"@type":"type.googleapis.com/google.firestore.admin.v1.LocationMetadata"},"locationId":"asia-northeast2","displayName":"Osaka"},{"name":"projects/aistoremanager-3c891/locations/asia-northeast3","labels":{"appengine.googleapis.com/region":"asia-northeast3","cloud.googleapis.com/location":"asia-northeast3","cloud.googleapis.com/region":"asia-northeast3"},"metadata":{"@type":"type.googleapis.com/google.firestore.admin.v1.LocationMetadata"},"locationId":"asia-northeast3","displayName":"Seoul"},{"name":"projects/aistoremanager-3c891/locations/asia-south1","labels":{"appengine.googleapis.com/region":"asia-south1","cloud.googleapis.com/location":"asia-south1","cloud.googleapis.com/region":"asia-south1"},"metadata":{"@type":"type.googleapis.com/google.firestore.admin.v1.LocationMetadata"},"locationId":"asia-south1","displayName":"Mumbai"},{"name":"projects/aistoremanager-3c891/locations/asia-south2","labels":{"cloud.googleapis.com/location":"asia-south2","cloud.googleapis.com/region":"asia-south2"},"metadata":{"@type":"type.googleapis.com/google.firestore.admin.v1.LocationMetadata"},"locationId":"asia-south2","displayName":"Delhi"},{"name":"projects/aistoremanager-3c891/locations/asia-southeast1","labels":{"appengine.googleapis.com/region":"asia-southeast1","cloud.googleapis.com/location":"asia-southeast1","cloud.googleapis.com/region":"asia-southeast1"},"metadata":{"@type":"type.googleapis.com/google.firestore.admin.v1.LocationMetadata"},"locationId":"asia-southeast1","displayName":"Singapore"},{"name":"projects/aistoremanager-3c891/locations/asia-southeast2","labels":{"appengine.googleapis.com/region":"asia-southeast2","cloud.googleapis.com/location":"asia-southeast2","cloud.googleapis.com/region":"asia-southeast2"},"metadata":{"@type":"type.googleapis.com/google.firestore.admin.v1.LocationMetadata"},"locationId":"asia-southeast2","displayName":"Jakarta"},{"name":"projects/aistoremanager-3c891/locations/australia-southeast1","labels":{"appengine.googleapis.com/region":"australia-southeast1","cloud.googleapis.com/location":"australia-southeast1","cloud.googleapis.com/region":"australia-southeast1"},"metadata":{"@type":"type.googleapis.com/google.firestore.admin.v1.LocationMetadata"},"locationId":"australia-southeast1","displayName":"Sydney"},{"name":"projects/aistoremanager-3c891/locations/australia-southeast2","labels":{"cloud.googleapis.com/location":"australia-southeast2","cloud.googleapis.com/region":"australia-southeast2"},"metadata":{"@type":"type.googleapis.com/google.firestore.admin.v1.LocationMetadata"},"locationId":"australia-southeast2","displayName":"Melbourne"},{"name":"projects/aistoremanager-3c891/locations/europe-central2","labels":{"appengine.googleapis.com/region":"europe-central2","cloud.googleapis.com/location":"europe-central2","cloud.googleapis.com/region":"europe-central2"},"metadata":{"@type":"type.googleapis.com/google.firestore.admin.v1.LocationMetadata"},"locationId":"europe-central2","displayName":"Warsaw"},{"name":"projects/aistoremanager-3c891/locations/europe-north1","labels":{"cloud.googleapis.com/location":"europe-north1","cloud.googleapis.com/region":"europe-north1"},"metadata":{"@type":"type.googleapis.com/google.firestore.admin.v1.LocationMetadata"},"locationId":"europe-north1","displayName":"Finland"},{"name":"projects/aistoremanager-3c891/locations/europe-north2","labels":{"cloud.googleapis.com/location":"europe-north2","cloud.googleapis.com/region":"europe-north2"},"metadata":{"@type":"type.googleapis.com/google.firestore.admin.v1.LocationMetadata"},"locationId":"europe-north2","displayName":"Stockholm"},{"name":"projects/aistoremanager-3c891/locations/europe-southwest1","labels":{"cloud.googleapis.com/location":"europe-southwest1","cloud.googleapis.com/region":"europe-southwest1"},"metadata":{"@type":"type.googleapis.com/google.firestore.admin.v1.LocationMetadata"},"locationId":"europe-southwest1","displayName":"Madrid"},{"name":"projects/aistoremanager-3c891/locations/europe-west1","labels":{"cloud.googleapis.com/location":"europe-west1","cloud.googleapis.com/region":"europe-west1"},"metadata":{"@type":"type.googleapis.com/google.firestore.admin.v1.LocationMetadata"},"locationId":"europe-west1","displayName":"Belgium"},{"name":"projects/aistoremanager-3c891/locations/europe-west10","labels":{"cloud.googleapis.com/location":"europe-west10","cloud.googleapis.com/region":"europe-west10"},"metadata":{"@type":"type.googleapis.com/google.firestore.admin.v1.LocationMetadata"},"locationId":"europe-west10","displayName":"Berlin"},{"name":"projects/aistoremanager-3c891/locations/europe-west12","labels":{"cloud.googleapis.com/location":"europe-west12","cloud.googleapis.com/region":"europe-west12"},"metadata":{"@type":"type.googleapis.com/google.firestore.admin.v1.LocationMetadata"},"locationId":"europe-west12","displayName":"Turin"},{"name":"projects/aistoremanager-3c891/locations/europe-west2","labels":{"appengine.googleapis.com/region":"europe-west2","cloud.googleapis.com/location":"europe-west2","cloud.googleapis.com/region":"europe-west2"},"metadata":{"@type":"type.googleapis.com/google.firestore.admin.v1.LocationMetadata"},"locationId":"europe-west2","displayName":"London"},{"name":"projects/aistoremanager-3c891/locations/europe-west3","labels":{"appengine.googleapis.com/region":"europe-west3","cloud.googleapis.com/location":"europe-west3","cloud.googleapis.com/region":"europe-west3"},"metadata":{"@type":"type.googleapis.com/google.firestore.admin.v1.LocationMetadata"},"locationId":"europe-west3","displayName":"Frankfurt"},{"name":"projects/aistoremanager-3c891/locations/europe-west4","labels":{"cloud.googleapis.com/location":"europe-west4","cloud.googleapis.com/region":"europe-west4"},"metadata":{"@type":"type.googleapis.com/google.firestore.admin.v1.LocationMetadata"},"locationId":"europe-west4","displayName":"Netherlands"},{"name":"projects/aistoremanager-3c891/locations/europe-west6","labels":{"appengine.googleapis.com/region":"europe-west6","cloud.googleapis.com/location":"europe-west6","cloud.googleapis.com/region":"europe-west6"},"metadata":{"@type":"type.googleapis.com/google.firestore.admin.v1.LocationMetadata"},"locationId":"europe-west6","displayName":"Zurich"},{"name":"projects/aistoremanager-3c891/locations/europe-west8","labels":{"cloud.googleapis.com/location":"europe-west8","cloud.googleapis.com/region":"europe-west8"},"metadata":{"@type":"type.googleapis.com/google.firestore.admin.v1.LocationMetadata"},"locationId":"europe-west8","displayName":"Milan"},{"name":"projects/aistoremanager-3c891/locations/europe-west9","labels":{"cloud.googleapis.com/location":"europe-west9","cloud.googleapis.com/region":"europe-west9"},"metadata":{"@type":"type.googleapis.com/google.firestore.admin.v1.LocationMetadata"},"locationId":"europe-west9","displayName":"Paris"},{"name":"projects/aistoremanager-3c891/locations/me-central1","labels":{"cloud.googleapis.com/location":"me-central1","cloud.googleapis.com/region":"me-central1"},"metadata":{"@type":"type.googleapis.com/google.firestore.admin.v1.LocationMetadata"},"locationId":"me-central1","displayName":"Doha"},{"name":"projects/aistoremanager-3c891/locations/me-central2","labels":{"cloud.googleapis.com/location":"me-central2","cloud.googleapis.com/region":"me-central2"},"metadata":{"@type":"type.googleapis.com/google.firestore.admin.v1.LocationMetadata"},"locationId":"me-central2","displayName":"Dammam"},{"name":"projects/aistoremanager-3c891/locations/me-west1","labels":{"cloud.googleapis.com/location":"me-west1","cloud.googleapis.com/region":"me-west1"},"metadata":{"@type":"type.googleapis.com/google.firestore.admin.v1.LocationMetadata"},"locationId":"me-west1","displayName":"Tel Aviv"},{"name":"projects/aistoremanager-3c891/locations/northamerica-northeast1","labels":{"appengine.googleapis.com/region":"northamerica-northeast1","cloud.googleapis.com/location":"northamerica-northeast1","cloud.googleapis.com/region":"northamerica-northeast1"},"metadata":{"@type":"type.googleapis.com/google.firestore.admin.v1.LocationMetadata"},"locationId":"northamerica-northeast1","displayName":"Montréal"},{"name":"projects/aistoremanager-3c891/locations/northamerica-northeast2","labels":{"cloud.googleapis.com/location":"northamerica-northeast2","cloud.googleapis.com/region":"northamerica-northeast2"},"metadata":{"@type":"type.googleapis.com/google.firestore.admin.v1.LocationMetadata"},"locationId":"northamerica-northeast2","displayName":"Toronto"},{"name":"projects/aistoremanager-3c891/locations/northamerica-south1","labels":{"cloud.googleapis.com/location":"northamerica-south1","cloud.googleapis.com/region":"northamerica-south1"},"metadata":{"@type":"type.googleapis.com/google.firestore.admin.v1.LocationMetadata"},"locationId":"northamerica-south1","displayName":"Mexico"},{"name":"projects/aistoremanager-3c891/locations/southamerica-east1","labels":{"appengine.googleapis.com/region":"southamerica-east1","cloud.googleapis.com/location":"southamerica-east1","cloud.googleapis.com/region":"southamerica-east1"},"metadata":{"@type":"type.googleapis.com/google.firestore.admin.v1.LocationMetadata"},"locationId":"southamerica-east1","displayName":"São Paulo"},{"name":"projects/aistoremanager-3c891/locations/southamerica-west1","labels":{"cloud.googleapis.com/location":"southamerica-west1","cloud.googleapis.com/region":"southamerica-west1"},"metadata":{"@type":"type.googleapis.com/google.firestore.admin.v1.LocationMetadata"},"locationId":"southamerica-west1","displayName":"Santiago"},{"name":"projects/aistoremanager-3c891/locations/us-central1","labels":{"cloud.googleapis.com/location":"us-central1","cloud.googleapis.com/region":"us-central1"},"metadata":{"@type":"type.googleapis.com/google.firestore.admin.v1.LocationMetadata"},"locationId":"us-central1","displayName":"Iowa"},{"name":"projects/aistoremanager-3c891/locations/us-east1","labels":{"appengine.googleapis.com/region":"us-east1","cloud.googleapis.com/location":"us-east1","cloud.googleapis.com/region":"us-east1"},"metadata":{"@type":"type.googleapis.com/google.firestore.admin.v1.LocationMetadata"},"locationId":"us-east1","displayName":"South Carolina"},{"name":"projects/aistoremanager-3c891/locations/us-east4","labels":{"appengine.googleapis.com/region":"us-east4","cloud.googleapis.com/location":"us-east4","cloud.googleapis.com/region":"us-east4"},"metadata":{"@type":"type.googleapis.com/google.firestore.admin.v1.LocationMetadata"},"locationId":"us-east4","displayName":"Northern Virginia"},{"name":"projects/aistoremanager-3c891/locations/us-east5","labels":{"cloud.googleapis.com/location":"us-east5","cloud.googleapis.com/region":"us-east5"},"metadata":{"@type":"type.googleapis.com/google.firestore.admin.v1.LocationMetadata"},"locationId":"us-east5","displayName":"Columbus"},{"name":"projects/aistoremanager-3c891/locations/us-south1","labels":{"cloud.googleapis.com/location":"us-south1","cloud.googleapis.com/region":"us-south1"},"metadata":{"@type":"type.googleapis.com/google.firestore.admin.v1.LocationMetadata"},"locationId":"us-south1","displayName":"Dallas"},{"name":"projects/aistoremanager-3c891/locations/us-west1","labels":{"appengine.googleapis.com/region":"us-west1","cloud.googleapis.com/location":"us-west1","cloud.googleapis.com/region":"us-west1"},"metadata":{"@type":"type.googleapis.com/google.firestore.admin.v1.LocationMetadata"},"locationId":"us-west1","displayName":"Oregon"},{"name":"projects/aistoremanager-3c891/locations/us-west2","labels":{"appengine.googleapis.com/region":"us-west2","cloud.googleapis.com/location":"us-west2","cloud.googleapis.com/region":"us-west2"},"metadata":{"@type":"type.googleapis.com/google.firestore.admin.v1.LocationMetadata"},"locationId":"us-west2","displayName":"Los Angeles"},{"name":"projects/aistoremanager-3c891/locations/us-west3","labels":{"appengine.googleapis.com/region":"us-west3","cloud.googleapis.com/location":"us-west3","cloud.googleapis.com/region":"us-west3"},"metadata":{"@type":"type.googleapis.com/google.firestore.admin.v1.LocationMetadata"},"locationId":"us-west3","displayName":"Salt Lake City"},{"name":"projects/aistoremanager-3c891/locations/us-west4","labels":{"appengine.googleapis.com/region":"us-west4","cloud.googleapis.com/location":"us-west4","cloud.googleapis.com/region":"us-west4"},"metadata":{"@type":"type.googleapis.com/google.firestore.admin.v1.LocationMetadata"},"locationId":"us-west4","displayName":"Las Vegas"},{"name":"projects/aistoremanager-3c891/locations/us-west8","labels":{"cloud.googleapis.com/location":"us-west8","cloud.googleapis.com/region":"us-west8"},"metadata":{"@type":"type.googleapis.com/google.firestore.admin.v1.LocationMetadata"},"locationId":"us-west8","displayName":"Phoenix"}]}
[debug] [2025-07-30T08:22:08.392Z] ExitPromptError: User force closed the prompt with SIGINT
    at Interface.sigint (/home/user/.global_modules/lib/node_modules/firebase-tools/node_modules/@inquirer/core/dist/commonjs/lib/create-prompt.js:101:37)
    at Interface.emit (node:events:518:28)
    at Interface.emit (node:domain:489:12)
    at [_ttyWrite] [as _ttyWrite] (node:internal/readline/interface:1125:18)
    at ReadStream.onkeypress (node:internal/readline/interface:264:20)
    at ReadStream.emit (node:events:530:35)
    at ReadStream.emit (node:domain:489:12)
    at emitKeys (node:internal/readline/utils:371:14)
    at emitKeys.next (<anonymous>)
    at ReadStream.onData (node:internal/readline/emitKeypressEvents:64:36)
[error] 
[error] Error: An unexpected error has occurred.
[debug] [2025-07-30T08:26:17.261Z] ----------------------------------------------------------------------
[debug] [2025-07-30T08:26:17.264Z] Command:       /nix/store/ixbb20farqh1f4fqbmsn6b1ixn8mc8ij-nodejs-20.18.1/bin/node /home/user/.global_modules/bin/firebase init
[debug] [2025-07-30T08:26:17.264Z] CLI Version:   14.11.1
[debug] [2025-07-30T08:26:17.265Z] Platform:      linux
[debug] [2025-07-30T08:26:17.265Z] Node Version:  v20.18.1
[debug] [2025-07-30T08:26:17.265Z] Time:          Wed Jul 30 2025 08:26:17 GMT+0000 (Coordinated Universal Time)
[debug] [2025-07-30T08:26:17.265Z] ----------------------------------------------------------------------
[debug] 
[debug] [2025-07-30T08:26:17.647Z] > command requires scopes: ["email","openid","https://www.googleapis.com/auth/cloudplatformprojects.readonly","https://www.googleapis.com/auth/firebase","https://www.googleapis.com/auth/cloud-platform"]
[debug] [2025-07-30T08:26:17.648Z] > authorizing via signed-in user (rodriguesmonto@gmail.com)
[info] 
     ######## #### ########  ######## ########     ###     ######  ########
     ##        ##  ##     ## ##       ##     ##  ##   ##  ##       ##
     ######    ##  ########  ######   ########  #########  ######  ######
     ##        ##  ##    ##  ##       ##     ## ##     ##       ## ##
     ##       #### ##     ## ######## ########  ##     ##  ######  ########

You're about to initialize a Firebase project in this directory:

  /home/user/AI_POS

Before we get started, keep in mind:

  * You are initializing within an existing Firebase project directory

[info] 
=== Project Setup
[info] 
[info] First, let's associate this project directory with a Firebase project.
[info] You can create multiple project aliases by running firebase use --add, 
[info] but for now we'll just set up a default project.
[info] 
[debug] [2025-07-30T08:26:33.761Z] Using project from CLI flag: aistoremanager-3c891
[debug] [2025-07-30T08:26:33.764Z] Checked if tokens are valid: true, expires at: 1753867206342
[debug] [2025-07-30T08:26:33.765Z] Checked if tokens are valid: true, expires at: 1753867206342
[debug] [2025-07-30T08:26:33.770Z] >>> [apiv2][query] GET https://firebase.googleapis.com/v1beta1/projects/aistoremanager-3c891 [none]
[debug] [2025-07-30T08:26:34.105Z] <<< [apiv2][status] GET https://firebase.googleapis.com/v1beta1/projects/aistoremanager-3c891 200
[debug] [2025-07-30T08:26:34.106Z] <<< [apiv2][body] GET https://firebase.googleapis.com/v1beta1/projects/aistoremanager-3c891 {"projectId":"aistoremanager-3c891","projectNumber":"1031236397402","displayName":"aistoremanager","name":"projects/aistoremanager-3c891","resources":{"hostingSite":"aistoremanager-3c891","realtimeDatabaseInstance":"aistoremanager-3c891-default-rtdb"},"state":"ACTIVE","etag":"1_cb0f42d1-c97e-4e9e-9be6-5be6f32bdea2"}
[info] i  Using project aistoremanager-3c891 (aistoremanager) 
[info] 
=== Firestore Setup
[info] i  firestore: ensuring required API firestore.googleapis.com is enabled... 
[debug] [2025-07-30T08:26:34.119Z] Checked if tokens are valid: true, expires at: 1753867206342
[debug] [2025-07-30T08:26:34.119Z] Checked if tokens are valid: true, expires at: 1753867206342
[debug] [2025-07-30T08:26:34.119Z] >>> [apiv2][query] GET https://firestore.googleapis.com/v1/projects/aistoremanager-3c891/databases [none]
[debug] [2025-07-30T08:26:34.851Z] <<< [apiv2][status] GET https://firestore.googleapis.com/v1/projects/aistoremanager-3c891/databases 200
[debug] [2025-07-30T08:26:34.851Z] <<< [apiv2][body] GET https://firestore.googleapis.com/v1/projects/aistoremanager-3c891/databases {"databases":[{"name":"projects/aistoremanager-3c891/databases/(default)","uid":"04ebae24-1c94-4e69-8062-f50585c599fc","createTime":"2025-07-30T08:22:25.282803Z","updateTime":"2025-07-30T08:22:25.282803Z","locationId":"nam5","type":"FIRESTORE_NATIVE","concurrencyMode":"PESSIMISTIC","versionRetentionPeriod":"3600s","earliestVersionTime":"2025-07-30T08:22:25.282803Z","appEngineIntegrationMode":"DISABLED","keyPrefix":"s","pointInTimeRecoveryEnablement":"POINT_IN_TIME_RECOVERY_DISABLED","deleteProtectionState":"DELETE_PROTECTION_DISABLED","databaseEdition":"STANDARD","freeTier":true,"etag":"IJHmhMOU5I4DMPPFlsyT5I4D"}]}
[info] 
[info] Firestore Security Rules allow you to define how and when to allow
[info] requests. You can keep these rules in your project directory
[info] and publish them with firebase deploy.
[info] 
[debug] [2025-07-30T08:26:45.617Z] Checked if tokens are valid: true, expires at: 1753867206342
[debug] [2025-07-30T08:26:45.617Z] Checked if tokens are valid: true, expires at: 1753867206342
[debug] [2025-07-30T08:26:45.620Z] >>> [apiv2][query] GET https://firebaserules.googleapis.com/v1/projects/aistoremanager-3c891/releases pageSize=10&pageToken=
[debug] [2025-07-30T08:26:46.635Z] <<< [apiv2][status] GET https://firebaserules.googleapis.com/v1/projects/aistoremanager-3c891/releases 200
[debug] [2025-07-30T08:26:46.636Z] <<< [apiv2][body] GET https://firebaserules.googleapis.com/v1/projects/aistoremanager-3c891/releases {"releases":[{"name":"projects/aistoremanager-3c891/releases/cloud.firestore","rulesetName":"projects/aistoremanager-3c891/rulesets/068bf331-6e5c-4e60-a2b5-eae2a95a535b","createTime":"2025-07-30T08:22:35.359163Z","updateTime":"2025-07-30T08:22:35.359163Z"}]}
[debug] [2025-07-30T08:26:46.636Z] Checked if tokens are valid: true, expires at: 1753867206342
[debug] [2025-07-30T08:26:46.637Z] Checked if tokens are valid: true, expires at: 1753867206342
[debug] [2025-07-30T08:26:46.637Z] >>> [apiv2][query] GET https://firebaserules.googleapis.com/v1/projects/aistoremanager-3c891/rulesets/068bf331-6e5c-4e60-a2b5-eae2a95a535b [none]
[debug] [2025-07-30T08:26:47.601Z] <<< [apiv2][status] GET https://firebaserules.googleapis.com/v1/projects/aistoremanager-3c891/rulesets/068bf331-6e5c-4e60-a2b5-eae2a95a535b 200
[debug] [2025-07-30T08:26:47.602Z] <<< [apiv2][body] GET https://firebaserules.googleapis.com/v1/projects/aistoremanager-3c891/rulesets/068bf331-6e5c-4e60-a2b5-eae2a95a535b [omitted]
[info] i  Downloaded the existing Firestore Security Rules from the Firebase console 
[info] 
[info] Firestore indexes allow you to perform complex queries while
[info] maintaining performance that scales with the size of the result
[info] set. You can keep index definitions in your project directory
[info] and publish them with firebase deploy.
[info] 
[debug] [2025-07-30T08:26:49.956Z] Checked if tokens are valid: true, expires at: 1753867206342
[debug] [2025-07-30T08:26:49.957Z] Checked if tokens are valid: true, expires at: 1753867206342
[debug] [2025-07-30T08:26:49.958Z] Checked if tokens are valid: true, expires at: 1753867206342
[debug] [2025-07-30T08:26:49.958Z] Checked if tokens are valid: true, expires at: 1753867206342
[debug] [2025-07-30T08:26:49.958Z] >>> [apiv2][query] GET https://firestore.googleapis.com/v1/projects/aistoremanager-3c891/databases/(default)/collectionGroups/-/indexes [none]
[debug] [2025-07-30T08:26:49.963Z] >>> [apiv2][query] GET https://firestore.googleapis.com/v1/projects/aistoremanager-3c891/databases/(default)/collectionGroups/-/fields?filter=indexConfig.usesAncestorConfig=false OR ttlConfig:* [none]
[debug] [2025-07-30T08:26:51.101Z] <<< [apiv2][status] GET https://firestore.googleapis.com/v1/projects/aistoremanager-3c891/databases/(default)/collectionGroups/-/indexes 200
[debug] [2025-07-30T08:26:51.102Z] <<< [apiv2][body] GET https://firestore.googleapis.com/v1/projects/aistoremanager-3c891/databases/(default)/collectionGroups/-/indexes {}
[debug] [2025-07-30T08:26:51.270Z] <<< [apiv2][status] GET https://firestore.googleapis.com/v1/projects/aistoremanager-3c891/databases/(default)/collectionGroups/-/fields?filter=indexConfig.usesAncestorConfig=false OR ttlConfig:* 200
[debug] [2025-07-30T08:26:51.272Z] <<< [apiv2][body] GET https://firestore.googleapis.com/v1/projects/aistoremanager-3c891/databases/(default)/collectionGroups/-/fields?filter=indexConfig.usesAncestorConfig=false OR ttlConfig:* {"fields":[{"name":"projects/aistoremanager-3c891/databases/(default)/collectionGroups/__default__/fields/*","indexConfig":{"indexes":[{"queryScope":"COLLECTION","fields":[{"fieldPath":"*","order":"ASCENDING"}],"state":"READY"},{"queryScope":"COLLECTION","fields":[{"fieldPath":"*","order":"DESCENDING"}],"state":"READY"},{"queryScope":"COLLECTION","fields":[{"fieldPath":"*","arrayConfig":"CONTAINS"}],"state":"READY"}]}}]}
[info] i  Downloaded the existing Firestore indexes from the Firebase console 
[info] ✔  Wrote firestore.rules 
[info] ✔  Wrote firestore.indexes.json 
[info] 
=== Genkit Setup
[debug] [2025-07-30T08:27:07.923Z] > command requires scopes: ["email","openid","https://www.googleapis.com/auth/cloudplatformprojects.readonly","https://www.googleapis.com/auth/firebase","https://www.googleapis.com/auth/cloud-platform"]
[debug] [2025-07-30T08:27:07.923Z] > authorizing via signed-in user (rodriguesmonto@gmail.com)
[debug] [2025-07-30T08:27:07.924Z] [iam] checking project aistoremanager-3c891 for permissions ["firebase.projects.get"]
[debug] [2025-07-30T08:27:07.926Z] Checked if tokens are valid: true, expires at: 1753867206342
[debug] [2025-07-30T08:27:07.926Z] Checked if tokens are valid: true, expires at: 1753867206342
[debug] [2025-07-30T08:27:07.932Z] >>> [apiv2][query] POST https://cloudresourcemanager.googleapis.com/v1/projects/aistoremanager-3c891:testIamPermissions [none]
[debug] [2025-07-30T08:27:07.932Z] >>> [apiv2][(partial)header] POST https://cloudresourcemanager.googleapis.com/v1/projects/aistoremanager-3c891:testIamPermissions x-goog-quota-user=projects/aistoremanager-3c891
[debug] [2025-07-30T08:27:07.932Z] >>> [apiv2][body] POST https://cloudresourcemanager.googleapis.com/v1/projects/aistoremanager-3c891:testIamPermissions {"permissions":["firebase.projects.get"]}
[debug] [2025-07-30T08:27:08.701Z] <<< [apiv2][status] POST https://cloudresourcemanager.googleapis.com/v1/projects/aistoremanager-3c891:testIamPermissions 200
[debug] [2025-07-30T08:27:08.702Z] <<< [apiv2][body] POST https://cloudresourcemanager.googleapis.com/v1/projects/aistoremanager-3c891:testIamPermissions {"permissions":["firebase.projects.get"]}
[debug] [2025-07-30T08:27:08.703Z] Checked if tokens are valid: true, expires at: 1753867206342
[debug] [2025-07-30T08:27:08.703Z] Checked if tokens are valid: true, expires at: 1753867206342
[debug] [2025-07-30T08:27:08.704Z] Checked if tokens are valid: true, expires at: 1753867206342
[debug] [2025-07-30T08:27:08.704Z] Checked if tokens are valid: true, expires at: 1753867206342
[debug] [2025-07-30T08:27:08.704Z] >>> [apiv2][query] GET https://serviceusage.googleapis.com/v1/projects/aistoremanager-3c891/services/cloudfunctions.googleapis.com [none]
[debug] [2025-07-30T08:27:08.704Z] >>> [apiv2][(partial)header] GET https://serviceusage.googleapis.com/v1/projects/aistoremanager-3c891/services/cloudfunctions.googleapis.com x-goog-quota-user=projects/aistoremanager-3c891
[debug] [2025-07-30T08:27:08.707Z] >>> [apiv2][query] GET https://serviceusage.googleapis.com/v1/projects/aistoremanager-3c891/services/runtimeconfig.googleapis.com [none]
[debug] [2025-07-30T08:27:08.707Z] >>> [apiv2][(partial)header] GET https://serviceusage.googleapis.com/v1/projects/aistoremanager-3c891/services/runtimeconfig.googleapis.com x-goog-quota-user=projects/aistoremanager-3c891
[debug] [2025-07-30T08:27:09.739Z] <<< [apiv2][status] GET https://serviceusage.googleapis.com/v1/projects/aistoremanager-3c891/services/runtimeconfig.googleapis.com 200
[debug] [2025-07-30T08:27:09.739Z] <<< [apiv2][body] GET https://serviceusage.googleapis.com/v1/projects/aistoremanager-3c891/services/runtimeconfig.googleapis.com [omitted]
[debug] [2025-07-30T08:27:09.765Z] <<< [apiv2][status] GET https://serviceusage.googleapis.com/v1/projects/aistoremanager-3c891/services/cloudfunctions.googleapis.com 200
[debug] [2025-07-30T08:27:09.766Z] <<< [apiv2][body] GET https://serviceusage.googleapis.com/v1/projects/aistoremanager-3c891/services/cloudfunctions.googleapis.com [omitted]
[debug] [2025-07-30T08:27:09.766Z] Checked if tokens are valid: true, expires at: 1753867206342
[debug] [2025-07-30T08:27:09.767Z] Checked if tokens are valid: true, expires at: 1753867206342
[debug] [2025-07-30T08:27:09.767Z] >>> [apiv2][query] POST https://serviceusage.googleapis.com/v1/projects/aistoremanager-3c891/services/cloudfunctions.googleapis.com:enable [none]
[debug] [2025-07-30T08:27:09.767Z] >>> [apiv2][(partial)header] POST https://serviceusage.googleapis.com/v1/projects/aistoremanager-3c891/services/cloudfunctions.googleapis.com:enable x-goog-quota-user=projects/aistoremanager-3c891
[debug] [2025-07-30T08:27:10.968Z] <<< [apiv2][status] POST https://serviceusage.googleapis.com/v1/projects/aistoremanager-3c891/services/cloudfunctions.googleapis.com:enable 200
[debug] [2025-07-30T08:27:10.969Z] <<< [apiv2][body] POST https://serviceusage.googleapis.com/v1/projects/aistoremanager-3c891/services/cloudfunctions.googleapis.com:enable [omitted]
[info] Let's create a new codebase for your functions.
[info] A directory corresponding to the codebase will be created in your project
[info] with sample code pre-configured.

[info] See https://firebase.google.com/docs/functions/organize-functions for
[info] more information on organizing your functions using codebases.

[info] Functions can be deployed with firebase deploy.

[info] ✔  Wrote functions/package.json 
[info] ✔  Wrote functions/.eslintrc.js 
[info] ✔  Wrote functions/tsconfig.dev.json 
[info] ✔  Wrote functions/tsconfig.json 
[info] ✔  Wrote functions/src/index.ts 
[info] ✔  Wrote functions/.gitignore 
[info] 
[info] i  genkit: Installing Genkit CLI version 1.15.5
 
[info] i  aiplatform: ensuring required API aiplatform.googleapis.com is enabled... 
[debug] [2025-07-30T08:36:55.883Z] Checked if tokens are valid: true, expires at: 1753867206342
[debug] [2025-07-30T08:36:55.883Z] Checked if tokens are valid: true, expires at: 1753867206342
[debug] [2025-07-30T08:36:55.884Z] >>> [apiv2][query] GET https://serviceusage.googleapis.com/v1/projects/aistoremanager-3c891/services/aiplatform.googleapis.com [none]
[debug] [2025-07-30T08:36:55.884Z] >>> [apiv2][(partial)header] GET https://serviceusage.googleapis.com/v1/projects/aistoremanager-3c891/services/aiplatform.googleapis.com x-goog-quota-user=projects/aistoremanager-3c891
[debug] [2025-07-30T08:36:57.203Z] <<< [apiv2][status] GET https://serviceusage.googleapis.com/v1/projects/aistoremanager-3c891/services/aiplatform.googleapis.com 200
[debug] [2025-07-30T08:36:57.204Z] <<< [apiv2][body] GET https://serviceusage.googleapis.com/v1/projects/aistoremanager-3c891/services/aiplatform.googleapis.com [omitted]
[warn] ⚠  aiplatform: missing required API aiplatform.googleapis.com. Enabling now... 
[debug] [2025-07-30T08:36:57.205Z] Checked if tokens are valid: true, expires at: 1753867206342
[debug] [2025-07-30T08:36:57.205Z] Checked if tokens are valid: true, expires at: 1753867206342
[debug] [2025-07-30T08:36:57.205Z] >>> [apiv2][query] POST https://serviceusage.googleapis.com/v1/projects/aistoremanager-3c891/services/aiplatform.googleapis.com:enable [none]
[debug] [2025-07-30T08:36:57.205Z] >>> [apiv2][(partial)header] POST https://serviceusage.googleapis.com/v1/projects/aistoremanager-3c891/services/aiplatform.googleapis.com:enable x-goog-quota-user=projects/aistoremanager-3c891
[debug] [2025-07-30T08:36:58.504Z] <<< [apiv2][status] POST https://serviceusage.googleapis.com/v1/projects/aistoremanager-3c891/services/aiplatform.googleapis.com:enable 200
[debug] [2025-07-30T08:36:58.504Z] <<< [apiv2][body] POST https://serviceusage.googleapis.com/v1/projects/aistoremanager-3c891/services/aiplatform.googleapis.com:enable [omitted]
